 file 1=/home/jenkins/acme/scratch/HOMME_P24.f19_g16_rx1.A.melvin_gnu.C.jenkins_next_20170215_203221/bld/tests/swtc1/movies/swtc11.nc
 file 2=/sems-data-store/ACME/baselines/gnu/next/HOMME_P24.f19_g16_rx1.A.melvin_gnu/tests/baseline/swtc1/movies/swtc11.nc
 Dimension lon matches
 Dimension lat matches
 Dimension lev matches
 Dimension time matches
 lon   (lon)
                 256  (   256) (     1)
                 256   0.358593750000000E+03   0.000000000000000E+00
                 256   0.358593750000000E+03   0.000000000000000E+00
                 256  (   256) (     1)
          avg abs field values:    1.792968750000000E+02
                                   1.792968750000000E+02
 lat   (lat)
                 128  (   128) (     1)
                 128   0.889277353522961E+02  -0.889277353522961E+02
                 128   0.889277353522961E+02  -0.889277353522961E+02
                 128  (   128) (     1)
          avg abs field values:    4.482360852128649E+01
                                   4.482360852128649E+01
 gw   (lat)
                 128  (    64) (     1)
                 128   0.244461801962625E-01   0.449380960292090E-03
                 128   0.244461801962625E-01   0.449380960292090E-03
                 128  (    64) (     1)
          avg abs field values:    1.562500000000000E-02
                                   1.562500000000000E-02
 ps   (lon,lat,time)  t_index =      1     1
               32768  (     1,     1,     1) (     1,     1,     1)
               32768   0.000000000000000E+00   0.000000000000000E+00
               32768   0.000000000000000E+00   0.000000000000000E+00
               32768  (     1,     1,     1) (     1,     1,     1)
          avg abs field values:    0.000000000000000E+00
                                   0.000000000000000E+00
 geop   (lon,lat,lev,time)  t_index =      1     1
              131072  (   182,    71,     3,     1) (   185,    53,     3,     1)
              131072   0.120979600696011E+04         -0.215313512758909E+03
              131072   0.120979600696011E+04         -0.215313512758909E+03
              131072  (   182,    71,     3,     1) (   185,    53,     3,     1)
          avg abs field values:    8.009819007714473E+00
                                   8.009819007714473E+00
 u   (lon,lat,lev,time)  t_index =      1     1
              131072  (    54,    64,     1,     1) (     1,     1,     1,     1)
              131072   0.386367635311776E+02          0.723081403561112E+00
              131072   0.386367635311776E+02          0.723081403561112E+00
              131072  (    54,    64,     1,     1) (     1,     1,     1,     1)
          avg abs field values:    2.469582355546484E+01
                                   2.469582355546484E+01
 v   (lon,lat,lev,time)  t_index =      1     1
              131072  (   162,    38,     1,     1) (   226,    91,     1,     1)
              131072   0.230676267439688E-10         -0.230766870796202E-10
              131072   0.230676267439688E-10         -0.230766870796202E-10
              131072  (   162,    38,     1,     1) (   226,    91,     1,     1)
          avg abs field values:    5.385782237242496E-13
                                   5.385782237242496E-13
 time   (time)  t_index =      1     1
                   1  (     1) (     1)
                   1   0.000000000000000E+00   0.000000000000000E+00
                   1   0.000000000000000E+00   0.000000000000000E+00
                   1  (     1) (     1)
          avg abs field values:    0.000000000000000E+00
                                   0.000000000000000E+00
 ps   (lon,lat,time)  t_index =      2     2
               32768  (     1,     1,     1) (     1,     1,     1)
               32768   0.000000000000000E+00   0.000000000000000E+00
               32768   0.000000000000000E+00   0.000000000000000E+00
               32768  (     1,     1,     1) (     1,     1,     1)
          avg abs field values:    0.000000000000000E+00
                                   0.000000000000000E+00
 geop   (lon,lat,lev,time)  t_index =      2     2
              131072  (   188,    70,     3,     1) (   194,    50,     3,     1)
              131072   0.104794709904439E+04         -0.304054364701341E+01
              131072   0.104794709904439E+04         -0.304054364701341E+01
              131072  (   188,    70,     3,     1) (   194,    50,     3,     1)
          avg abs field values:    8.013005119452423E+00
                                   8.013005119452423E+00
 u   (lon,lat,lev,time)  t_index =      2     2
              131072  (    54,    64,     1,     1) (     1,     1,     1,     1)
              131072   0.386367635311776E+02          0.723081403561112E+00
              131072   0.386367635311776E+02          0.723081403561112E+00
              131072  (    54,    64,     1,     1) (     1,     1,     1,     1)
          avg abs field values:    2.469582355546484E+01
                                   2.469582355546484E+01
 v   (lon,lat,lev,time)  t_index =      2     2
              131072  (   162,    38,     1,     1) (   226,    91,     1,     1)
              131072   0.230676267439688E-10         -0.230766870796202E-10
              131072   0.230676267439688E-10         -0.230766870796202E-10
              131072  (   162,    38,     1,     1) (   226,    91,     1,     1)
          avg abs field values:    5.385782237242496E-13
                                   5.385782237242496E-13
 time   (time)  t_index =      2     2
                   1  (     1) (     1)
                   1   0.120000000000000E+02   0.120000000000000E+02
                   1   0.120000000000000E+02   0.120000000000000E+02
                   1  (     1) (     1)
          avg abs field values:    1.200000000000000E+01
                                   1.200000000000000E+01
************************************************************************************************************************************
  
SUMMARY of cprnc:
 A total number of     13 fields were compared
          of which      0 had non-zero differences
               and      0 had differences in fill patterns
               and      0 had different dimension sizes
 A total number of      0 fields could not be analyzed
 A total number of      0 fields on file 1 were not found on file2.
  diff_test: the two files seem to be IDENTICAL 
  
