 number of MPI processes:           24
 (t_initf) Read in prof_inparm namelist from: input.nl
 (t_initf) Using profile_disable=          F
 (t_initf)       profile_timer=                      4
 (t_initf)       profile_depth_limit=            99999
 (t_initf)       profile_detail_limit=               1
 (t_initf)       profile_barrier=          F
 (t_initf)       profile_outpe_num=                  0
 (t_initf)       profile_outpe_stride=               1
 (t_initf)       profile_single_file=      F
 (t_initf)       profile_global_stats=     T
 (t_initf)       profile_ovhd_measurement= F
 (t_initf)       profile_add_detail=       F
 (t_initf)       profile_papi_enable=      F
 reading ctl namelist...
 Reading namelist ctl_nl from standard input
 reading analysis namelist...
 Mesh File:none
 Reference element projection: cubed_sphere_map=           0
 done reading namelist...
 readnl: topology      = cube
 readnl: test_case     = swtc1
 readnl: omega         =    7.2920000000000000E-005
 readnl: sub_case      =            1
 readnl: ndays         =           12
 readnl: nmax          =         2160
 readnl: pertlim       =    0.0000000000000000     
 readnl: qsize,qsize_d =            0           4
 readnl: NThreads      =            1
 readnl: vert_num_threads =            1
 readnl: nthreads_accel =           -1
 readnl: ne,np         =           10           8
 readnl: partmethod    =            4
 readnl: nmpi_per_node =           24
 readnl: vthreads      =            0
 readnl: multilevel    =            1
 readnl: useframes     =            0
 readnl: nnodes        =            1
 readnl: npart         =           24

 readnl: integration   = runge_kutta
 readnl: rk_stage_user   =            3
 readnl: use_semi_lagrange_transport   =  F
 readnl: use_semi_lagrange_transport_local_conservation= F
 readnl: tstep_type    =            5
 readnl: vert_remap_q_alg  =            0
 readnl: tstep          =    480.00000000000000     
 readnl: ftype          =            0
 readnl: limiter_option =            4
 readnl: qsplit        =            1
 readnl: vertical remap frequency rsplit (0=disabled):            0
 readnl: runtype       =            0
 Constant (hyper)viscosity used.
 hypervis_subcycle, hypervis_subcycle_q =            1           1
viscosity:  nu (vor/div) =  0.00E+00 0.00E+00
viscosity:  nu_s      =  0.00E+00
viscosity:  nu_q      =  0.00E+00
viscosity:  nu_p      =  0.00E+00
viscosity:  nu_top      =  0.00E+00
 PHIS smoothing:             0   0.0000000000000000     
 SGH  smoothing:             0
   analysis: output_prefix = 
   analysis: io_stride =            1
   analysis: num_io_procs =           24
   analysis stream     :           1
   analysis : start_time           0
   analysis : end_time          2160
   analysis : frequency         2160
   analysis : variables   u  v  ps  geop          
                  
                  
                  
                  

 
 physconst: omega  =    7.2920000000000000E-005
 physconst: rearth =    6376000.0000000000     
 physconst: rrearth=    1.5683814303638645E-007
 
  analysis interpolation =  T T T T T T T T
  analysis interp nlat =          128
  analysis interp nlon =          256
  analysis interp gridtype =            2
  analysis interpolation type =            0
 
  total simulated time =    1036800.0000000000     
 

 ============================================
         Testing Gaussian Quadrature...

           points              weights
 ============================================
           1 -0.960289856497536231683560868569472972        0.101228536290376259152531354309962079      
           2 -0.796666477413626739591553936475830349        0.222381034453374470544355994426240943      
           3 -0.525532409916328985817739049189246332        0.313706645877887287337962201986601336      
           4 -0.183434642495649804939476142360183996        0.362683783378361982965150449277195570      
           5  0.183434642495649804939476142360183996        0.362683783378361982965150449277195570      
           6  0.525532409916328985817739049189246332        0.313706645877887287337962201986601336      
           7  0.796666477413626739591553936475830349        0.222381034453374470544355994426240943      
           8  0.960289856497536231683560868569472972        0.101228536290376259152531354309962079      
 ============================================
 sum of Gaussian weights=   2.0000000000000000     
 ============================================

 ============================================
       Testing Gauss-Lobatto Quadrature...

           points              weights
 ============================================
           1  -1.00000000000000000000000000000000000         3.57142857142857142857142857142857126E-0002
           2 -0.871740148509606615337445761220663399        0.210704227143506039382992065775756393      
           3 -0.591700181433142302144510731397953175        0.341122692483504364764240677107748282      
           4 -0.209299217902478868768657260345351260        0.412458794658703881567052971402209721      
           5  0.209299217902478868768657260345351260        0.412458794658703881567052971402209721      
           6  0.591700181433142302144510731397953175        0.341122692483504364764240677107748282      
           7  0.871740148509606615337445761220663399        0.210704227143506039382992065775756393      
           8   1.00000000000000000000000000000000000         3.57142857142857142857142857142857126E-0002
 ============================================
 sum of Gauss-Lobatto weights=   2.0000000000000000     
 ============================================
 creating cube topology...
 ...done.
 partitioning graph...
 ...done.
 getMetaSchedule: tmpP:            2           1           3          95           1         134           4         764          14         822          11         841          10         899
 initializing cube elements...
 ...done.
 testchecksum: after call to edgeVpack
 testchecksum: after call to edgeVunpack
 testchecksum: before call to edgeVpack
 testchecksum: after call to edgeVpack
 testchecksum: before call to edgeVunpack
 testchecksum: after call to edgeDGVunpack
process: 22 thread:  0 element limits:    1 -   25
process: 23 thread:  0 element limits:    1 -   25
 allocating state variables...
 Main:NThreads=           1
process:  0 thread:  0 element limits:    1 -   25
process:  1 thread:  0 element limits:    1 -   25
process:  2 thread:  0 element limits:    1 -   25
process:  3 thread:  0 element limits:    1 -   25
process:  4 thread:  0 element limits:    1 -   25
process:  5 thread:  0 element limits:    1 -   25
process:  6 thread:  0 element limits:    1 -   25
process:  7 thread:  0 element limits:    1 -   25
process:  8 thread:  0 element limits:    1 -   25
process:  9 thread:  0 element limits:    1 -   25
process: 10 thread:  0 element limits:    1 -   25
process: 11 thread:  0 element limits:    1 -   25
process: 12 thread:  0 element limits:    1 -   25
process: 13 thread:  0 element limits:    1 -   25
process: 14 thread:  0 element limits:    1 -   25
process: 15 thread:  0 element limits:    1 -   25
process: 16 thread:  0 element limits:    1 -   25
process: 17 thread:  0 element limits:    1 -   25
process: 18 thread:  0 element limits:    1 -   25
process: 19 thread:  0 element limits:    1 -   25
process: 20 thread:  0 element limits:    1 -   25
process: 21 thread:  0 element limits:    1 -   25
 
 Running Global Integral Diagnostic...
 Area of unit sphere is   1.0000000000000000     
 Should be 1.0 to round off...
Element area:  max/min    1.304
Average equatorial node spacing (deg, km) =  1.286  143.08
norm of Dinv (min, max):    13.044   19.099
Max Dinv-based element distortion:     1.73
dx based on Dinv svd:          ave,min,max =   113.77   95.38  139.66
dx based on sqrt element area: ave,min,max =   131.82  124.77  142.50
CFL estimates in terms of S=time step stability region
(i.e. advection w/leapfrog: S=1, viscosity w/forward Euler: S=2)
SSP preservation (120m/s) RKSSP euler step dt  < S *     99.36s
Stability: advective (120m/s)   dt_tracer < S *    278.21s
Stability: gravity wave(342m/s)   dt_dyn  < S *     97.62s
 tstep_type =            5
 dt grv =    101.20634920634919     
 dt user=    480.00000000000000     
 runtype: INITIAL of Shallow Water equations
 initializing swtc1...
Initializing  128 x  256 lat-lon interpolation grid: 
 finished latitude            1  of          128
 finished latitude           65  of          128
 finished latitude          128  of          128
Max interpolation point search error:   0.3560E-14
Maximum number of interpolation points claimed by an element:    447
 Number of interpolation points claimed by more than one element:            0
 max number of elements which claimed the same interpolation point:           1
 Opening file ./movies/swtc11.nc using netcdf
 writing coordinates to ios=           1
 writing ps...
 writing u,v...
 writing time...
 finished I/O sync
  u=    0.236591806851241E-14   0.386396503844300E+02   0.116862506718957E+07
  v=   -0.355271367880050E-14   0.355271367880050E-14  -0.514033260401447E-13
  p=    0.000000000000000E+00   0.100000000000000E+04   0.271387794589222E+06
  p=    0.264953542002724E-35   0.100000000000000E+04   0.938664570421325E+06
  p=    0.000000000000000E+00   0.100000000000000E+04   0.420000000000000E+06
  p=    0.000000000000000E+00   0.100000000000000E+01   0.776000000000000E+03
 sqrt(g(h0+max(h)) =    1.0000000000000000     

k= 1  0.00 days  l1,l2,linf=  0.0000000E+00  0.0000000E+00  0.0000000E+00
k= 2  0.00 days  l1,l2,linf=  0.2315670E+01  0.1051779E+01  0.4326226E+00
k= 3  0.00 days  l1,l2,linf=  0.1668871E+01  0.1467024E+01  0.1000000E+01
k= 4  0.00 days  l1,l2,linf=  0.9972575E+00  0.9986838E+00  0.9990000E+00
  u=    0.236591806851241E-14   0.386396503844300E+02   0.116862506718957E+07
  v=   -0.355271367880050E-14   0.355271367880050E-14  -0.514033260401447E-13
  p=    0.000000000000000E+00   0.100000000000000E+04   0.271387794589222E+06
  p=    0.264953542002724E-35   0.100000000000000E+04   0.938664570421325E+06
  p=    0.000000000000000E+00   0.100000000000000E+04   0.420000000000000E+06
  p=    0.000000000000000E+00   0.100000000000000E+01   0.776000000000000E+03
 sqrt(g(h0+max(h)) =    1.0000000000000000     

k= 1  1.00 days  l1,l2,linf=  0.2727041E-02  0.2072862E-02  0.3251176E-02
k= 2  1.00 days  l1,l2,linf=  0.2315684E+01  0.1051781E+01  0.4335748E+00
k= 3  1.00 days  l1,l2,linf=  0.1588519E+01  0.1291586E+01  0.1141642E+01
k= 4  1.00 days  l1,l2,linf=  0.9975733E+00  0.9986808E+00  0.9990957E+00
         180 time=   1.0000000000000000       days
  u=    0.236591806851241E-14   0.386396503844300E+02   0.116862506718957E+07
  v=   -0.355271367880050E-14   0.355271367880050E-14  -0.514033260401447E-13
  p=    0.000000000000000E+00   0.998389308894604E+03   0.313073219957869E+06
  p=    0.451697277078243E-88   0.999150114609791E+03   0.104713026759396E+07
  p=    0.000000000000000E+00   0.128847465696693E+04   0.514944673019305E+06
  p=    0.000000000000000E+00   0.162667963667938E+01   0.947746868201309E+03
 sqrt(g(h0+max(h)) =    1.2754135159544835     

level =  1  M-M0/M0      =-0.1188E-13 dM/dt   /M  = -0.137493E-18
level =  2  M-M0/M0      =-0.1212E-13 dM/dt   /M  = -0.140236E-18
level =  3  M-M0/M0      =-0.1204E-13 dM/dt   /M  = -0.139310E-18
level =  4  M-M0/M0      =-0.1097E-13 dM/dt   /M  = -0.127021E-18
PV-PV0       = 0.0000E+00 dPV/dt      =  0.000000E+00 |vor|/|f|= 0.831071E-01
DV-DV0       = 0.0000E+00 dDV/dt      =  0.000000E+00 |div|/|f|= 0.125577E-10
k= 1  2.00 days  l1,l2,linf=  0.3658554E-02  0.2654504E-02  0.4271368E-02
k= 2  2.00 days  l1,l2,linf=  0.2315684E+01  0.1051781E+01  0.4336130E+00
k= 3  2.00 days  l1,l2,linf=  0.1587803E+01  0.1269277E+01  0.1234453E+01
k= 4  2.00 days  l1,l2,linf=  0.9976372E+00  0.9986820E+00  0.9990495E+00
         360 time=   2.0000000000000000       days
  u=    0.236591806851241E-14   0.386396503844300E+02   0.116862506718957E+07
  v=   -0.355271367880050E-14   0.355271367880050E-14  -0.514033260401447E-13
  p=    0.000000000000000E+00   0.998067406414604E+03   0.313024471849272E+06
  p=    0.231222661320092-155   0.999140142751128E+03   0.104712234911471E+07
  p=    0.000000000000000E+00   0.129518536614149E+04   0.572308473116608E+06
  p=    0.000000000000000E+00   0.148284171949431E+01   0.937751173546019E+03
 sqrt(g(h0+max(h)) =    1.2177198854803621     

level =  1  M-M0/M0      =-0.2268E-13 dM/dt   /M  = -0.124994E-18
level =  2  M-M0/M0      =-0.2319E-13 dM/dt   /M  = -0.128173E-18
level =  3  M-M0/M0      =-0.2263E-13 dM/dt   /M  = -0.122654E-18
level =  4  M-M0/M0      =-0.2150E-13 dM/dt   /M  = -0.121872E-18
PV-PV0       = 0.0000E+00 dPV/dt      =  0.000000E+00 |vor|/|f|= 0.831071E-01
DV-DV0       = 0.0000E+00 dDV/dt      =  0.000000E+00 |div|/|f|= 0.125577E-10
k= 1  3.00 days  l1,l2,linf=  0.3873987E-02  0.2755714E-02  0.4171699E-02
k= 2  3.00 days  l1,l2,linf=  0.2315670E+01  0.1051779E+01  0.4327071E+00
k= 3  3.00 days  l1,l2,linf=  0.1585503E+01  0.1260571E+01  0.9764265E+00
k= 4  3.00 days  l1,l2,linf=  0.9976233E+00  0.9986826E+00  0.9991409E+00
         540 time=   3.0000000000000000       days
  u=    0.236591806851241E-14   0.386396503844300E+02   0.116862506718957E+07
  v=   -0.355271367880050E-14   0.355271367880050E-14  -0.514033260401447E-13
  p=    0.000000000000000E+00   0.999435462779345E+03   0.271441793957283E+06
  p=    0.200330649580996-229   0.100000146003423E+04   0.938664572077962E+06
  p=    0.000000000000000E+00   0.107687648242720E+04   0.446451687711416E+06
  p=    0.000000000000000E+00   0.110576559792548E+01   0.775910987712342E+03
 sqrt(g(h0+max(h)) =    1.0515538968238751     

level =  1  M-M0/M0      =-0.3456E-13 dM/dt   /M  = -0.137493E-18
level =  2  M-M0/M0      =-0.3518E-13 dM/dt   /M  = -0.138728E-18
level =  3  M-M0/M0      =-0.3389E-13 dM/dt   /M  = -0.130225E-18
level =  4  M-M0/M0      =-0.3307E-13 dM/dt   /M  = -0.133887E-18
PV-PV0       = 0.0000E+00 dPV/dt      =  0.000000E+00 |vor|/|f|= 0.831071E-01
DV-DV0       = 0.0000E+00 dDV/dt      =  0.000000E+00 |div|/|f|= 0.125577E-10
k= 1  4.00 days  l1,l2,linf=  0.4315545E-02  0.3037927E-02  0.5360136E-02
k= 2  4.00 days  l1,l2,linf=  0.2315684E+01  0.1051781E+01  0.4336575E+00
k= 3  4.00 days  l1,l2,linf=  0.1586129E+01  0.1256921E+01  0.1008441E+01
k= 4  4.00 days  l1,l2,linf=  0.9976591E+00  0.9986825E+00  0.9990844E+00
         720 time=   4.0000000000000000       days
  u=    0.236591806851241E-14   0.386396503844300E+02   0.116862506718957E+07
  v=   -0.355271367880050E-14   0.355271367880050E-14  -0.514033260401447E-13
  p=    0.000000000000000E+00   0.998079690469356E+03   0.312966342136915E+06
  p=    0.926329020136677-116   0.999162058279442E+03   0.104713816356903E+07
  p=    0.000000000000000E+00   0.116600052495390E+04   0.511900774544491E+06
  p=    0.000000000000000E+00   0.138236072892735E+01   0.935792107328372E+03
 sqrt(g(h0+max(h)) =    1.1757383760545326     

level =  1  M-M0/M0      =-0.4665E-13 dM/dt   /M  = -0.139993E-18
level =  2  M-M0/M0      =-0.4716E-13 dM/dt   /M  = -0.138728E-18
level =  3  M-M0/M0      =-0.4566E-13 dM/dt   /M  = -0.136282E-18
level =  4  M-M0/M0      =-0.4420E-13 dM/dt   /M  = -0.128738E-18
PV-PV0       = 0.0000E+00 dPV/dt      =  0.000000E+00 |vor|/|f|= 0.831071E-01
DV-DV0       = 0.0000E+00 dDV/dt      =  0.000000E+00 |div|/|f|= 0.125577E-10
k= 1  5.00 days  l1,l2,linf=  0.4888673E-02  0.3443640E-02  0.5379364E-02
k= 2  5.00 days  l1,l2,linf=  0.2315684E+01  0.1051781E+01  0.4336956E+00
k= 3  5.00 days  l1,l2,linf=  0.1586704E+01  0.1252908E+01  0.1182697E+01
k= 4  5.00 days  l1,l2,linf=  0.9976746E+00  0.9986825E+00  0.9990390E+00
         900 time=   5.0000000000000000       days
  u=    0.236591806851241E-14   0.386396503844300E+02   0.116862506718957E+07
  v=   -0.355271367880050E-14   0.355271367880050E-14  -0.514033260401447E-13
  p=    0.000000000000000E+00   0.998161357484554E+03   0.313003120993039E+06
  p=    0.158123734382236-150   0.999131105727923E+03   0.104711442175175E+07
  p=    0.000000000000000E+00   0.124353898504778E+04   0.567300512303864E+06
  p=    0.000000000000000E+00   0.132965499727722E+01   0.933052125854442E+03
 sqrt(g(h0+max(h)) =    1.1531066721154712     

level =  1  M-M0/M0      =-0.5789E-13 dM/dt   /M  = -0.129993E-18
level =  2  M-M0/M0      =-0.5824E-13 dM/dt   /M  = -0.128173E-18
level =  3  M-M0/M0      =-0.5652E-13 dM/dt   /M  = -0.125682E-18
level =  4  M-M0/M0      =-0.5487E-13 dM/dt   /M  = -0.123588E-18
PV-PV0       = 0.0000E+00 dPV/dt      =  0.000000E+00 |vor|/|f|= 0.831071E-01
DV-DV0       = 0.0000E+00 dDV/dt      =  0.000000E+00 |div|/|f|= 0.125577E-10
k= 1  6.00 days  l1,l2,linf=  0.5136548E-02  0.3591382E-02  0.5379226E-02
k= 2  6.00 days  l1,l2,linf=  0.2315670E+01  0.1051779E+01  0.4327917E+00
k= 3  6.00 days  l1,l2,linf=  0.1584055E+01  0.1249674E+01  0.9872384E+00
k= 4  6.00 days  l1,l2,linf=  0.9976484E+00  0.9986825E+00  0.9991757E+00
        1080 time=   6.0000000000000000       days
  u=    0.236591806851241E-14   0.386396503844300E+02   0.116862506718957E+07
  v=   -0.355271367880050E-14   0.355271367880050E-14  -0.514033260401447E-13
  p=    0.000000000000000E+00   0.999469019807034E+03   0.271474213072329E+06
  p=    0.145761557227967-159   0.100000286467174E+04   0.938664571370563E+06
  p=    0.000000000000000E+00   0.103858883386732E+04   0.448655370069314E+06
  p=    0.000000000000000E+00   0.113914211249660E+01   0.775589950622538E+03
 sqrt(g(h0+max(h)) =    1.0673060069617337     

level =  1  M-M0/M0      =-0.6955E-13 dM/dt   /M  = -0.134993E-18
level =  2  M-M0/M0      =-0.6996E-13 dM/dt   /M  = -0.135712E-18
level =  3  M-M0/M0      =-0.6751E-13 dM/dt   /M  = -0.127196E-18
level =  4  M-M0/M0      =-0.6614E-13 dM/dt   /M  = -0.130454E-18
PV-PV0       = 0.0000E+00 dPV/dt      =  0.000000E+00 |vor|/|f|= 0.831071E-01
DV-DV0       = 0.0000E+00 dDV/dt      =  0.000000E+00 |div|/|f|= 0.125577E-10
k= 1  7.00 days  l1,l2,linf=  0.5544014E-02  0.3882747E-02  0.6195567E-02
k= 2  7.00 days  l1,l2,linf=  0.2315684E+01  0.1051781E+01  0.4337403E+00
k= 3  7.00 days  l1,l2,linf=  0.1582121E+01  0.1246762E+01  0.9962947E+00
k= 4  7.00 days  l1,l2,linf=  0.9976817E+00  0.9986824E+00  0.9990630E+00
        1260 time=   7.0000000000000000       days
  u=    0.236591806851241E-14   0.386396503844300E+02   0.116862506718957E+07
  v=   -0.355271367880050E-14   0.355271367880050E-14  -0.514033260401447E-13
  p=    0.000000000000000E+00   0.997839010368309E+03   0.312927085999557E+06
  p=    0.180896218874536-100   0.999173895175724E+03   0.104714606293985E+07
  p=    0.000000000000000E+00   0.112221128683931E+04   0.509925065711264E+06
  p=    0.000000000000000E+00   0.135644640818151E+01   0.933924141966029E+03
 sqrt(g(h0+max(h)) =    1.1646657924836268     

level =  1  M-M0/M0      =-0.8100E-13 dM/dt   /M  = -0.132493E-18
level =  2  M-M0/M0      =-0.8195E-13 dM/dt   /M  = -0.138728E-18
level =  3  M-M0/M0      =-0.7968E-13 dM/dt   /M  = -0.140824E-18
level =  4  M-M0/M0      =-0.7742E-13 dM/dt   /M  = -0.130454E-18
PV-PV0       = 0.0000E+00 dPV/dt      =  0.000000E+00 |vor|/|f|= 0.831071E-01
DV-DV0       = 0.0000E+00 dDV/dt      =  0.000000E+00 |div|/|f|= 0.125577E-10
k= 1  8.00 days  l1,l2,linf=  0.6071829E-02  0.4267079E-02  0.6531969E-02
k= 2  8.00 days  l1,l2,linf=  0.2315684E+01  0.1051781E+01  0.4337783E+00
k= 3  8.00 days  l1,l2,linf=  0.1580045E+01  0.1243403E+01  0.1159196E+01
k= 4  8.00 days  l1,l2,linf=  0.9976926E+00  0.9986823E+00  0.9990246E+00
        1440 time=   8.0000000000000000       days
  u=    0.236591806851241E-14   0.386396503844300E+02   0.116862506718957E+07
  v=   -0.355271367880050E-14   0.355271367880050E-14  -0.514033260401447E-13
  p=    0.000000000000000E+00   0.998218976852056E+03   0.312978776016658E+06
  p=    0.710329826778471-114   0.999121961513845E+03   0.104710649690897E+07
  p=    0.000000000000000E+00   0.122008733750932E+04   0.567389196490482E+06
  p=    0.000000000000000E+00   0.134328738266152E+01   0.932173390524404E+03
 sqrt(g(h0+max(h)) =    1.1590027535176619     

level =  1  M-M0/M0      =-0.9244E-13 dM/dt   /M  = -0.132493E-18
level =  2  M-M0/M0      =-0.9302E-13 dM/dt   /M  = -0.128173E-18
level =  3  M-M0/M0      =-0.9053E-13 dM/dt   /M  = -0.125682E-18
level =  4  M-M0/M0      =-0.8824E-13 dM/dt   /M  = -0.125305E-18
PV-PV0       = 0.0000E+00 dPV/dt      =  0.000000E+00 |vor|/|f|= 0.831071E-01
DV-DV0       = 0.0000E+00 dDV/dt      =  0.000000E+00 |div|/|f|= 0.125577E-10
k= 1  9.00 days  l1,l2,linf=  0.6334825E-02  0.4452878E-02  0.6650816E-02
k= 2  9.00 days  l1,l2,linf=  0.2315670E+01  0.1051779E+01  0.4328763E+00
k= 3  9.00 days  l1,l2,linf=  0.1577446E+01  0.1240750E+01  0.9871532E+00
k= 4  9.00 days  l1,l2,linf=  0.9976678E+00  0.9986822E+00  0.9992220E+00
        1620 time=   9.0000000000000000       days
  u=    0.236591806851241E-14   0.386396503844300E+02   0.116862506718957E+07
  v=   -0.355271367880050E-14   0.355271367880050E-14  -0.514033260401447E-13
  p=    0.000000000000000E+00   0.999672194404405E+03   0.271513469083534E+06
  p=    0.934262822178047E-95   0.100000416198114E+04   0.938664569386649E+06
  p=    0.000000000000000E+00   0.104993719753697E+04   0.449446650517522E+06
  p=    0.000000000000000E+00   0.114233257608077E+01   0.774869869893952E+03
 sqrt(g(h0+max(h)) =    1.0687995958460941     

level =  1  M-M0/M0      =-0.1041E-12 dM/dt   /M  = -0.134993E-18
level =  2  M-M0/M0      =-0.1050E-12 dM/dt   /M  = -0.138728E-18
level =  3  M-M0/M0      =-0.1015E-12 dM/dt   /M  = -0.127196E-18
level =  4  M-M0/M0      =-0.9951E-13 dM/dt   /M  = -0.130454E-18
PV-PV0       = 0.0000E+00 dPV/dt      =  0.000000E+00 |vor|/|f|= 0.831071E-01
DV-DV0       = 0.0000E+00 dDV/dt      =  0.000000E+00 |div|/|f|= 0.125577E-10
k= 1 10.00 days  l1,l2,linf=  0.6711579E-02  0.4734313E-02  0.6992533E-02
k= 2 10.00 days  l1,l2,linf=  0.2315684E+01  0.1051781E+01  0.4338232E+00
k= 3 10.00 days  l1,l2,linf=  0.1574874E+01  0.1238407E+01  0.1004581E+01
k= 4 10.00 days  l1,l2,linf=  0.9977003E+00  0.9986821E+00  0.9990442E+00
        1800 time=   10.000000000000000       days
  u=    0.236591806851241E-14   0.386396503844300E+02   0.116862506718957E+07
  v=   -0.355271367880050E-14   0.355271367880050E-14  -0.514033260401447E-13
  p=    0.000000000000000E+00   0.997723584750392E+03   0.312881800589567E+06
  p=    0.567940081313575E-70   0.999185625853785E+03   0.104715396492614E+07
  p=    0.000000000000000E+00   0.107797826329958E+04   0.508737190411597E+06
  p=    0.000000000000000E+00   0.134791181781149E+01   0.933251051345811E+03
 sqrt(g(h0+max(h)) =    1.1609960455623847     

level =  1  M-M0/M0      =-0.1160E-12 dM/dt   /M  = -0.137493E-18
level =  2  M-M0/M0      =-0.1170E-12 dM/dt   /M  = -0.138728E-18
level =  3  M-M0/M0      =-0.1140E-12 dM/dt   /M  = -0.143853E-18
level =  4  M-M0/M0      =-0.1112E-12 dM/dt   /M  = -0.135604E-18
PV-PV0       = 0.0000E+00 dPV/dt      =  0.000000E+00 |vor|/|f|= 0.831071E-01
DV-DV0       = 0.0000E+00 dDV/dt      =  0.000000E+00 |div|/|f|= 0.125577E-10
k= 1 11.00 days  l1,l2,linf=  0.7191915E-02  0.5095033E-02  0.7528906E-02
k= 2 11.00 days  l1,l2,linf=  0.2315684E+01  0.1051781E+01  0.4338611E+00
k= 3 11.00 days  l1,l2,linf=  0.1572658E+01  0.1235929E+01  0.1141912E+01
k= 4 11.00 days  l1,l2,linf=  0.9977098E+00  0.9986820E+00  0.9990176E+00
        1980 time=   11.000000000000000       days
  u=    0.236591806851241E-14   0.386396503844300E+02   0.116862506718957E+07
  v=   -0.355271367880050E-14   0.355271367880050E-14  -0.514033260401447E-13
  p=    0.000000000000000E+00   0.998296481776036E+03   0.312956617071802E+06
  p=    0.205833550652957-107   0.999112710270224E+03   0.104709857423061E+07
  p=    0.000000000000000E+00   0.120283999199301E+04   0.567246972070618E+06
  p=    0.000000000000000E+00   0.135906493810265E+01   0.931843394892555E+03
 sqrt(g(h0+max(h)) =    1.1657894055543006     

level =  1  M-M0/M0      =-0.1272E-12 dM/dt   /M  = -0.129993E-18
level =  2  M-M0/M0      =-0.1281E-12 dM/dt   /M  = -0.128173E-18
level =  3  M-M0/M0      =-0.1247E-12 dM/dt   /M  = -0.124168E-18
level =  4  M-M0/M0      =-0.1216E-12 dM/dt   /M  = -0.120155E-18
PV-PV0       = 0.0000E+00 dPV/dt      =  0.000000E+00 |vor|/|f|= 0.831071E-01
DV-DV0       = 0.0000E+00 dDV/dt      =  0.000000E+00 |div|/|f|= 0.125577E-10
 writing ps...
 writing u,v...
 writing time...
 finished I/O sync
k= 1 12.00 days  l1,l2,linf=  0.7455137E-02  0.5295733E-02  0.7798420E-02
k= 2 12.00 days  l1,l2,linf=  0.2315670E+01  0.1051779E+01  0.4329610E+00
k= 3 12.00 days  l1,l2,linf=  0.1570703E+01  0.1233817E+01  0.9790602E+00
k= 4 12.00 days  l1,l2,linf=  0.9976855E+00  0.9986820E+00  0.9992427E+00
        2160 time=   12.000000000000000       days
  u=    0.236591806851241E-14   0.386396503844300E+02   0.116862506718957E+07
  v=   -0.355271367880050E-14   0.355271367880050E-14  -0.514033260401447E-13
  p=    0.000000000000000E+00   0.100001432406308E+04   0.271553362134426E+06
  p=    0.162985801469042E-87   0.100000535166373E+04   0.938664566721147E+06
  p=    0.000000000000000E+00   0.104865155622501E+04   0.449691429970185E+06
  p=    0.000000000000000E+00   0.114686197503837E+01   0.774807573227807E+03
 sqrt(g(h0+max(h)) =    1.0709164183251532     

level =  1  M-M0/M0      =-0.1389E-12 dM/dt   /M  = -0.134993E-18
level =  2  M-M0/M0      =-0.1401E-12 dM/dt   /M  = -0.138728E-18
level =  3  M-M0/M0      =-0.1354E-12 dM/dt   /M  = -0.124168E-18
level =  4  M-M0/M0      =-0.1332E-12 dM/dt   /M  = -0.133887E-18
PV-PV0       = 0.0000E+00 dPV/dt      =  0.000000E+00 |vor|/|f|= 0.831071E-01
DV-DV0       = 0.0000E+00 dDV/dt      =  0.000000E+00 |div|/|f|= 0.125577E-10
 exiting program...
